
==============================================================================
lazy:                                                                       ✅

lazy.nvim ~
- {lazy.nvim} version `11.17.1`
- ✅ OK {git} `version 2.43.0`
- ✅ OK no existing packages found by other package managers
- ✅ OK packer_compiled.lua not found

luarocks ~
- checking `luarocks` installation
- you have some plugins that require `luarocks`:
    * `nvim-dap-python`
- ✅ OK {luarocks} `/usr/local/bin/luarocks dev`
- ✅ OK {lua5.1} `Lua 5.1.5  Copyright (C) 1994-2012 Lua.org, PUC-Rio`

==============================================================================
lazyvim:                                                                    ✅

LazyVim ~
- ✅ OK Using Neovim >= 0.11.2
- ✅ OK `git` is installed
- ✅ OK `rg` is installed
- ✅ OK `fdfind` is installed
- ✅ OK `lazygit` is installed
- ✅ OK `fzf` is installed
- ✅ OK `curl` is installed

LazyVim nvim-treesitter ~
- ✅ OK `C compiler` is installed
- ✅ OK `curl` is installed
- ✅ OK `node` is installed
- ✅ OK `tar` is installed
- ✅ OK `tree-sitter (CLI)` is installed

==============================================================================
mason:                                                                    4 ⚠️

mason.nvim ~
- ✅ OK mason.nvim version v2.1.0
- ✅ OK PATH: prepend
- ✅ OK Providers: 
    mason.providers.registry-api
    mason.providers.client
- ✅ OK neovim version >= 0.10.0

mason.nvim [Registries] ~
- ✅ OK Registry `github.com/mason-org/mason-registry version: 2025-10-18-musty-bangle` is installed.

mason.nvim [Core utils] ~
- ✅ OK unzip: `UnZip 6.00 of 20 April 2009, by Debian. Original by Info-ZIP.`
- ✅ OK wget: `GNU Wget 1.21.4, a non-interactive network retriever.`
- ✅ OK curl: `curl 8.5.0 (x86_64-pc-linux-gnu) libcurl/8.5.0 OpenSSL/3.0.13 zlib/1.3 brotli/1.1.0 zstd/1.5.5 libidn2/2.3.7 libpsl/0.21.2 (+libidn2/2.3.7) libssh/0.10.6/openssl/zlib nghttp2/1.59.0 librtmp/2.3 OpenLDAP/2.6.7`
- ✅ OK gzip: `gzip 1.12`
- ✅ OK tar: `tar (GNU tar) 1.35`
- ✅ OK bash: `GNU bash, version 5.2.21(1)-release (x86_64-pc-linux-gnu)`
- ✅ OK sh: `Ok`

mason.nvim [Languages] ~
- ✅ OK Go: `go version go1.22.2 linux/amd64`
- ⚠️ WARNING Composer: not available
  - ADVICE:
    - spawn: composer failed with exit code - and signal -. Could not find executable "composer" in PATH.

- ⚠️ WARNING PHP: not available
  - ADVICE:
    - spawn: php failed with exit code - and signal -. Could not find executable "php" in PATH.

- ✅ OK Ruby: `ruby 3.2.3 (2024-01-18 revision 52bb2ac0a6) [x86_64-linux-gnu]`
- ✅ OK node: `v24.5.0`
- ✅ OK cargo: `cargo 1.89.0 (c24e10642 2025-06-23)`
- ⚠️ WARNING luarocks: failed to parse version
  - ADVICE:
    - Error: ...r/.local/share/nvim/lazy/mason.nvim/lua/mason/health.lua:174: attempt to compare number with nil
- ⚠️ WARNING julia: not available
  - ADVICE:
    - spawn: julia failed with exit code - and signal -. Could not find executable "julia" in PATH.

- ✅ OK java: `openjdk version "21.0.8" 2025-07-15`
- ✅ OK python: `Python 3.12.3`
- ✅ OK npm: `11.6.1`
- ✅ OK RubyGem: `3.4.20`
- ✅ OK javac: `javac 21.0.8`
- ✅ OK pip: `pip 24.0 from /usr/lib/python3/dist-packages/pip (python 3.12)`
- ✅ OK python venv: `Ok`

==============================================================================
mason-lspconfig:                                                            ✅

mason-lspconfig.nvim ~
- ✅ OK Neovim v0.11
- ✅ OK mason.nvim v2

==============================================================================
remote-sshfs:                                                               ✅

remote-sshfs ~
- ✅ OK sshfs executable found
- ✅ OK Unmount tool found: fusermount

==============================================================================
snacks:                                                             6 ⚠️  6 ❌

Snacks ~
- ✅ OK setup called

Snacks.bigfile ~
- ✅ OK setup {enabled}

Snacks.dashboard ~
- ✅ OK setup {enabled}
- ❌ ERROR setup did not run

Snacks.explorer ~
- ✅ OK setup {enabled}

Snacks.image ~
- ⚠️ WARNING setup {disabled}
- ✅ OK 'kitty' `kitty 0.43.0 created by Kovid Goyal`
- ✅ OK 'convert' `Version: ImageMagick 6.9.12-98 Q16 x86_64 18038 https://legacy.imagemagick.org`
- ✅ OK Terminal Dimensions:
  - {size}: `1251` x `679` pixels
  - {scale}: `1.25`
  - {cell}: `10` x `20` pixels
- ✅ OK Available Treesitter languages:
    `html`, `javascript`, `markdown_inline`, `markdown`, `tsx`
- ⚠️ WARNING Missing Treesitter languages:
    `css`, `latex`, `norg`, `scss`, `svelte`, `typst`, `vue`
- ⚠️ WARNING Image rendering in docs with missing treesitter parsers won't work
- ✅ OK 'gs' `10.02.1`
- ✅ OK PDF files are supported
- ✅ OK 'pdflatex' `pdfTeX 3.141592653-2.6-1.40.25 (TeX Live 2023/Debian)`
- ⚠️ WARNING The `latex` treesitter parser is required to render LaTeX math expressions
- ❌ ERROR Tool not found: 'mmdc'
- ⚠️ WARNING `mmdc` is required to render Mermaid diagrams
- ❌ ERROR your terminal does not support the kitty graphics protocol
- supported terminals: `kitty`, `wezterm`, `ghostty`

Snacks.input ~
- ✅ OK setup {enabled}
- ❌ ERROR `vim.ui.input` is not set to `Snacks.input`

Snacks.lazygit ~
- ✅ OK {lazygit} installed

Snacks.notifier ~
- ✅ OK setup {enabled}
- ❌ ERROR is not ready

Snacks.picker ~
- ✅ OK setup {enabled}
- ❌ ERROR `vim.ui.select` is not set to `Snacks.picker.select`
- ✅ OK Available Treesitter languages:
    `regex`
- ✅ OK 'git' `git version 2.43.0`
- ✅ OK 'rg' `ripgrep 14.1.0`
- ✅ OK `Snacks.picker.grep()` is available
- ✅ OK 'fdfind' `fdfind 9.0.0`
- ✅ OK `Snacks.picker.files()` is available
- ✅ OK `Snacks.picker.explorer()` is available
- ✅ OK `SQLite3` is available

Snacks.quickfile ~
- ✅ OK setup {enabled}

Snacks.scope ~
- ✅ OK setup {enabled}

Snacks.scroll ~
- ✅ OK setup {enabled}

Snacks.statuscolumn ~
- ⚠️ WARNING setup {disabled}

Snacks.terminal ~
- ✅ OK shell configured
  - `vim.o.shell`: /usr/bin/zsh
  - `parsed`: { "/usr/bin/zsh" }

Snacks.toggle ~
- ✅ OK {which-key} is installed

Snacks.words ~
- ✅ OK setup {enabled}

==============================================================================
telescope:                                                                  ✅

Checking for required plugins ~
- ✅ OK plenary installed.
- ✅ OK nvim-treesitter installed.

Checking external dependencies ~
- ✅ OK rg: found ripgrep 14.1.0
- ✅ OK fd: found fdfind 9.0.0

===== Installed extensions ===== ~

==============================================================================
vim.deprecated:                                                             ✅

- ✅ OK No deprecated functions detected

==============================================================================
vim.health:                                                                 ✅

Configuration ~
- ✅ OK no issues found

Runtime ~
- ✅ OK $VIMRUNTIME: /usr/local/share/nvim/runtime

Performance ~
- ✅ OK Build type: RelWithDebInfo

Remote Plugins ~
- ✅ OK Up to date

terminal ~
- key_backspace (kbs) terminfo entry: `key_backspace=\177`
- key_dc (kdch1) terminfo entry: `key_dc=\E[3~`
- $COLORTERM="truecolor"

External Tools ~
- ✅ OK ripgrep 14.1.0 (/usr/bin/rg)
- ✅ OK git version 2.43.0 (/usr/bin/git)
- ✅ OK curl 8.5.0 (/usr/bin/curl)
  Release-Date: 2023-12-06, security patched: 8.5.0-2ubuntu10.6
  Protocols: dict file ftp ftps gopher gophers http https imap imaps ldap ldaps mqtt pop3 pop3s rtmp rtsp scp sftp smb smbs smtp smtps telnet tftp
  Features: alt-svc AsynchDNS brotli GSS-API HSTS HTTP2 HTTPS-proxy IDN IPv6 Kerberos Largefile libz NTLM PSL SPNEGO SSL threadsafe TLS-SRP UnixSockets zstd

==============================================================================
vim.lsp:                                                                    ✅

- LSP log level : WARN
- Log path: /home/ekieffer/.local/state/nvim/lsp.log
- Log size: 1842 KB

vim.lsp: Active Features ~

vim.lsp: Active Clients ~
- No active clients

vim.lsp: Enabled Configurations ~

vim.lsp: File Watcher ~
- file watching "(workspace/didChangeWatchedFiles)" disabled on all clients

vim.lsp: Position Encodings ~
- No active clients

==============================================================================
vim.provider:                                                             4 ⚠️

Clipboard (optional) ~
- ✅ OK Clipboard tool found: xclip

Node.js provider (optional) ~
- Node.js: 24.5.0
- ⚠️ WARNING Missing "neovim" npm (or yarn, pnpm) package.
  - ADVICE:
    - Run in shell: npm install -g neovim
    - Run in shell (if you use yarn): yarn global add neovim
    - Run in shell (if you use pnpm): pnpm install -g neovim
    - You may disable this provider (and warning) by adding `let g:loaded_node_provider = 0` to your init.vim

Perl provider (optional) ~
- ⚠️ WARNING "Neovim::Ext" cpan module is not installed
  - ADVICE:
    - See :help |provider-perl| for more information.
    - You can disable this provider (and warning) by adding `let g:loaded_perl_provider = 0` to your init.vim
- ⚠️ WARNING No usable perl executable found

Python 3 provider (optional) ~
- Disabled (loaded_python3_provider=0).

Ruby provider (optional) ~
- Ruby: 3.2.3
- ⚠️ WARNING `neovim-ruby-host` not found.
  - ADVICE:
    - Run `gem install neovim` to ensure the neovim RubyGem is installed.
    - Run `gem environment` to ensure the gem bin directory is in $PATH.
    - If you are using rvm/rbenv/chruby, try "rehashing".
    - See :help |g:ruby_host_prog| for non-standard gem installations.
    - You can disable this provider (and warning) by adding `let g:loaded_ruby_provider = 0` to your init.vim

==============================================================================
vim.treesitter:                                                           1 ❌

Treesitter features ~
- Treesitter ABI support: min 13, max 15
- WASM parser support: false

Treesitter parsers ~
- ✅ OK Parser: bash                      ABI: 15, path: /home/ekieffer/.local/share/nvim/site/parser/bash.so
- ✅ OK Parser: bash                 (not loaded), path: /home/ekieffer/.local/share/nvim/lazy/nvim-treesitter/parser/bash.so
- ✅ OK Parser: c                         ABI: 15, path: /home/ekieffer/.local/share/nvim/site/parser/c.so
- ✅ OK Parser: c                    (not loaded), path: /home/ekieffer/.local/share/nvim/lazy/nvim-treesitter/parser/c.so
- ✅ OK Parser: c                    (not loaded), path: /usr/local/lib/nvim/parser/c.so
- ✅ OK Parser: cpp                       ABI: 14, path: /home/ekieffer/.local/share/nvim/site/parser/cpp.so
- ✅ OK Parser: cpp                  (not loaded), path: /home/ekieffer/.local/share/nvim/lazy/nvim-treesitter/parser/cpp.so
- ✅ OK Parser: diff                      ABI: 14, path: /home/ekieffer/.local/share/nvim/site/parser/diff.so
- ✅ OK Parser: diff                 (not loaded), path: /home/ekieffer/.local/share/nvim/lazy/nvim-treesitter/parser/diff.so
- ✅ OK Parser: dtd                       ABI: 14, path: /home/ekieffer/.local/share/nvim/site/parser/dtd.so
- ✅ OK Parser: git_config                ABI: 14, path: /home/ekieffer/.local/share/nvim/site/parser/git_config.so
- ✅ OK Parser: git_rebase                ABI: 14, path: /home/ekieffer/.local/share/nvim/site/parser/git_rebase.so
- ✅ OK Parser: gitattributes             ABI: 14, path: /home/ekieffer/.local/share/nvim/site/parser/gitattributes.so
- ✅ OK Parser: gitcommit                 ABI: 14, path: /home/ekieffer/.local/share/nvim/site/parser/gitcommit.so
- ✅ OK Parser: gitignore                 ABI: 13, path: /home/ekieffer/.local/share/nvim/site/parser/gitignore.so
- ✅ OK Parser: html                      ABI: 14, path: /home/ekieffer/.local/share/nvim/site/parser/html.so
- ✅ OK Parser: html                 (not loaded), path: /home/ekieffer/.local/share/nvim/lazy/nvim-treesitter/parser/html.so
- ✅ OK Parser: javascript                ABI: 15, path: /home/ekieffer/.local/share/nvim/site/parser/javascript.so
- ✅ OK Parser: jsdoc                     ABI: 15, path: /home/ekieffer/.local/share/nvim/site/parser/jsdoc.so
- ✅ OK Parser: json                      ABI: 14, path: /home/ekieffer/.local/share/nvim/site/parser/json.so
- ✅ OK Parser: jsonc                     ABI: 13, path: /home/ekieffer/.local/share/nvim/site/parser/jsonc.so
- ✅ OK Parser: lua                       ABI: 15, path: /home/ekieffer/.local/share/nvim/site/parser/lua.so
- ✅ OK Parser: lua                  (not loaded), path: /home/ekieffer/.local/share/nvim/lazy/nvim-treesitter/parser/lua.so
- ✅ OK Parser: lua                  (not loaded), path: /usr/local/lib/nvim/parser/lua.so
- ✅ OK Parser: luadoc                    ABI: 14, path: /home/ekieffer/.local/share/nvim/site/parser/luadoc.so
- ✅ OK Parser: luadoc               (not loaded), path: /home/ekieffer/.local/share/nvim/lazy/nvim-treesitter/parser/luadoc.so
- ✅ OK Parser: luap                      ABI: 14, path: /home/ekieffer/.local/share/nvim/site/parser/luap.so
- ❌ ERROR Parser "make" failed to load (path: /home/ekieffer/.local/share/nvim/lazy/nvim-treesitter/parser/make.so): ...local/share/nvim/runtime/lua/vim/treesitter/language.lua:137: Failed to load parser for language 'make': uv_dlopen: /home/ekieffer/.local/share/nvim/lazy/nvim-treesitter/parser/make.so: undefined symbol: tree_sitter_make_external_scanner_create
- ✅ OK Parser: markdown                  ABI: 15, path: /home/ekieffer/.local/share/nvim/site/parser/markdown.so
- ✅ OK Parser: markdown             (not loaded), path: /home/ekieffer/.local/share/nvim/lazy/nvim-treesitter/parser/markdown.so
- ✅ OK Parser: markdown             (not loaded), path: /usr/local/lib/nvim/parser/markdown.so
- ✅ OK Parser: markdown_inline           ABI: 15, path: /home/ekieffer/.local/share/nvim/site/parser/markdown_inline.so
- ✅ OK Parser: markdown_inline      (not loaded), path: /home/ekieffer/.local/share/nvim/lazy/nvim-treesitter/parser/markdown_inline.so
- ✅ OK Parser: markdown_inline      (not loaded), path: /usr/local/lib/nvim/parser/markdown_inline.so
- ✅ OK Parser: ninja                     ABI: 13, path: /home/ekieffer/.local/share/nvim/site/parser/ninja.so
- ✅ OK Parser: printf                    ABI: 14, path: /home/ekieffer/.local/share/nvim/site/parser/printf.so
- ✅ OK Parser: python                    ABI: 15, path: /home/ekieffer/.local/share/nvim/site/parser/python.so
- ✅ OK Parser: python               (not loaded), path: /home/ekieffer/.local/share/nvim/lazy/nvim-treesitter/parser/python.so
- ✅ OK Parser: query                     ABI: 15, path: /home/ekieffer/.local/share/nvim/site/parser/query.so
- ✅ OK Parser: query                (not loaded), path: /home/ekieffer/.local/share/nvim/lazy/nvim-treesitter/parser/query.so
- ✅ OK Parser: query                (not loaded), path: /usr/local/lib/nvim/parser/query.so
- ✅ OK Parser: regex                     ABI: 15, path: /home/ekieffer/.local/share/nvim/site/parser/regex.so
- ✅ OK Parser: rescript                  ABI: 14, path: /home/ekieffer/.local/share/nvim/lazy/nvim-treesitter/parser/rescript.so
- ✅ OK Parser: rst                       ABI: 14, path: /home/ekieffer/.local/share/nvim/site/parser/rst.so
- ✅ OK Parser: toml                      ABI: 14, path: /home/ekieffer/.local/share/nvim/site/parser/toml.so
- ✅ OK Parser: tsx                       ABI: 14, path: /home/ekieffer/.local/share/nvim/site/parser/tsx.so
- ✅ OK Parser: typescript                ABI: 14, path: /home/ekieffer/.local/share/nvim/site/parser/typescript.so
- ✅ OK Parser: vim                       ABI: 15, path: /home/ekieffer/.local/share/nvim/site/parser/vim.so
- ✅ OK Parser: vim                  (not loaded), path: /home/ekieffer/.local/share/nvim/lazy/nvim-treesitter/parser/vim.so
- ✅ OK Parser: vim                  (not loaded), path: /usr/local/lib/nvim/parser/vim.so
- ✅ OK Parser: vimdoc                    ABI: 15, path: /home/ekieffer/.local/share/nvim/site/parser/vimdoc.so
- ✅ OK Parser: vimdoc               (not loaded), path: /home/ekieffer/.local/share/nvim/lazy/nvim-treesitter/parser/vimdoc.so
- ✅ OK Parser: vimdoc               (not loaded), path: /usr/local/lib/nvim/parser/vimdoc.so
- ✅ OK Parser: xml                       ABI: 14, path: /home/ekieffer/.local/share/nvim/site/parser/xml.so
- ✅ OK Parser: yaml                      ABI: 14, path: /home/ekieffer/.local/share/nvim/site/parser/yaml.so

